<?xml version="1.0" encoding="UTF-8"?>
<!-- Generated by org.testng.reporters.JUnitReportReporter -->
<testsuite hostname="DESKTOP-L48DKLF" failures="0" tests="9" name="test.DemoBlazeTest" time="98.860" errors="0" timestamp="2024-06-06T15:43:53 IST" skipped="0">
  <testcase classname="test.DemoBlazeTest" name="getTitle" time="5.149"/>
  <testcase classname="test.DemoBlazeTest" name="validSignUp" time="7.713"/>
  <testcase classname="test.DemoBlazeTest" name="validSignUp" time="7.225"/>
  <testcase classname="test.DemoBlazeTest" name="InValidSignUp" time="7.472"/>
  <testcase classname="test.DemoBlazeTest" name="InValidSignUp" time="8.842"/>
  <testcase classname="test.DemoBlazeTest" name="validLogin" time="18.593"/>
  <testcase classname="test.DemoBlazeTest" name="validLogin" time="19.987"/>
  <testcase classname="test.DemoBlazeTest" name="InvalidLogin" time="8.783"/>
  <testcase classname="test.DemoBlazeTest" name="InvalidLogin" time="15.096"/>
</testsuite> <!-- test.DemoBlazeTest -->
