<?xml version="1.0" encoding="UTF-8"?>
<!-- Generated by org.testng.reporters.JUnitReportReporter -->
<testsuite hostname="DESKTOP-L48DKLF" failures="0" tests="9" name="test.DemoBlazeTest" time="95.578" errors="0" timestamp="2024-06-06T15:02:26 IST" skipped="0">
  <testcase classname="test.DemoBlazeTest" name="getTitle" time="4.877"/>
  <testcase classname="test.DemoBlazeTest" name="validSignUp" time="9.452"/>
  <testcase classname="test.DemoBlazeTest" name="validSignUp" time="8.314"/>
  <testcase classname="test.DemoBlazeTest" name="InValidSignUp" time="7.318"/>
  <testcase classname="test.DemoBlazeTest" name="InValidSignUp" time="6.471"/>
  <testcase classname="test.DemoBlazeTest" name="validLogin" time="19.032"/>
  <testcase classname="test.DemoBlazeTest" name="validLogin" time="21.373"/>
  <testcase classname="test.DemoBlazeTest" name="InvalidLogin" time="7.082"/>
  <testcase classname="test.DemoBlazeTest" name="InvalidLogin" time="11.659"/>
</testsuite> <!-- test.DemoBlazeTest -->
