<?xml version="1.0" encoding="UTF-8"?>
<!-- Generated by org.testng.reporters.JUnitReportReporter -->
<testsuite hostname="DESKTOP-L48DKLF" failures="0" tests="3" name="test.DemoBlazeTest" time="20.864" errors="0" timestamp="2024-06-07T21:12:49 IST" skipped="0">
  <testcase classname="test.DemoBlazeTest" name="getTitle" time="4.314"/>
  <testcase classname="test.DemoBlazeTest" name="validSignUp" time="6.742"/>
  <testcase classname="test.DemoBlazeTest" name="validSignUp" time="9.808"/>
</testsuite> <!-- test.DemoBlazeTest -->
