<?xml version="1.0" encoding="UTF-8"?>
<!-- Generated by org.testng.reporters.JUnitReportReporter -->
<testsuite hostname="DESKTOP-L48DKLF" failures="0" tests="9" name="test.DemoBlazeTest" time="97.184" errors="0" timestamp="2024-06-06T15:51:09 IST" skipped="0">
  <testcase classname="test.DemoBlazeTest" name="getTitle" time="8.585"/>
  <testcase classname="test.DemoBlazeTest" name="validSignUp" time="8.833"/>
  <testcase classname="test.DemoBlazeTest" name="validSignUp" time="11.510"/>
  <testcase classname="test.DemoBlazeTest" name="InValidSignUp" time="6.559"/>
  <testcase classname="test.DemoBlazeTest" name="InValidSignUp" time="9.016"/>
  <testcase classname="test.DemoBlazeTest" name="validLogin" time="18.824"/>
  <testcase classname="test.DemoBlazeTest" name="validLogin" time="18.654"/>
  <testcase classname="test.DemoBlazeTest" name="InvalidLogin" time="7.341"/>
  <testcase classname="test.DemoBlazeTest" name="InvalidLogin" time="7.862"/>
</testsuite> <!-- test.DemoBlazeTest -->
